# JRE version: Java(TM) SE Runtime Environment (8.0_151-b12) (build 1.8.0_151-b12)
# Java VM: Java HotSpot(TM) 64-Bit Server VM (25.151-b12 mixed mode linux-amd64 compressed oops)
Heap:
 PSYoungGen      total 230400K, used 133324K [0x00000000f0000000, 0x0000000100000000, 0x0000000100000000)
  eden space 197632K, 63% used [0x00000000f0000000,0x00000000f79fa348,0x00000000fc100000)
  from space 32768K, 25% used [0x00000000fe000000,0x00000000fe839040,0x0000000100000000)
  to   space 31744K, 0% used [0x00000000fc100000,0x00000000fc100000,0x00000000fe000000)
 ParOldGen       total 524288K, used 145751K [0x00000000d0000000, 0x00000000f0000000, 0x00000000f0000000)
  object space 524288K, 27% used [0x00000000d0000000,0x00000000d8e55c10,0x00000000f0000000)
 Metaspace       used 83543K, capacity 86720K, committed 98348K, reserved 1136640K
  class space    used 9663K, capacity 10674K, committed 11904K, reserved 1048576K
GC Heap History (10 events):
Event: 8664.089 GC heap before
{Heap before GC invocations=86 (full 4):
 PSYoungGen      total 227328K, used 4491K [0x00000000f0000000, 0x0000000100000000, 0x0000000100000000)
  eden space 193536K, 0% used [0x00000000f0000000,0x00000000f0000000,0x00000000fbd00000)
  from space 33792K, 13% used [0x00000000fdf00000,0x00000000fe362ca0,0x0000000100000000)
  to   space 34304K, 0% used [0x00000000fbd00000,0x00000000fbd00000,0x00000000fde80000)
 ParOldGen       total 524288K, used 185572K [0x00000000d0000000, 0x00000000f0000000, 0x00000000f0000000)
  object space 524288K, 35% used [0x00000000d0000000,0x00000000db539398,0x00000000f0000000)
 Metaspace       used 93318K, capacity 98226K, committed 98348K, reserved 1136640K
  class space    used 10489K, capacity 11858K, committed 11904K, reserved 1048576K
Event: 8665.206 GC heap after
Heap after GC invocations=86 (full 4):
 PSYoungGen      total 227328K, used 0K [0x00000000f0000000, 0x0000000100000000, 0x0000000100000000)
  eden space 193536K, 0% used [0x00000000f0000000,0x00000000f0000000,0x00000000fbd00000)
  from space 33792K, 0% used [0x00000000fdf00000,0x00000000fdf00000,0x0000000100000000)
  to   space 34304K, 0% used [0x00000000fbd00000,0x00000000fbd00000,0x00000000fde80000)
 ParOldGen       total 524288K, used 145727K [0x00000000d0000000, 0x00000000f0000000, 0x00000000f0000000)
  object space 524288K, 27% used [0x00000000d0000000,0x00000000d8e4fc10,0x00000000f0000000)
 Metaspace       used 82090K, capacity 84678K, committed 98348K, reserved 1136640K
  class space    used 9427K, capacity 10158K, committed 11904K, reserved 1048576K
}
Event: 8703.299 GC heap before
{Heap before GC invocations=87 (full 4):
 PSYoungGen      total 227328K, used 193536K [0x00000000f0000000, 0x0000000100000000, 0x0000000100000000)
  eden space 193536K, 100% used [0x00000000f0000000,0x00000000fbd00000,0x00000000fbd00000)
  from space 33792K, 0% used [0x00000000fdf00000,0x00000000fdf00000,0x0000000100000000)
  to   space 34304K, 0% used [0x00000000fbd00000,0x00000000fbd00000,0x00000000fde80000)
 ParOldGen       total 524288K, used 145727K [0x00000000d0000000, 0x00000000f0000000, 0x00000000f0000000)
  object space 524288K, 27% used [0x00000000d0000000,0x00000000d8e4fc10,0x00000000f0000000)
 Metaspace       used 82288K, capacity 84970K, committed 98348K, reserved 1136640K
  class space    used 9488K, capacity 10269K, committed 11904K, reserved 1048576K
Event: 8703.317 GC heap after
Heap after GC invocations=87 (full 4):
 PSYoungGen      total 227840K, used 5552K [0x00000000f0000000, 0x0000000100000000, 0x0000000100000000)
  eden space 193536K, 0% used [0x00000000f0000000,0x00000000f0000000,0x00000000fbd00000)
  from space 34304K, 16% used [0x00000000fbd00000,0x00000000fc26c010,0x00000000fde80000)
  to   space 34304K, 0% used [0x00000000fde80000,0x00000000fde80000,0x0000000100000000)
 ParOldGen       total 524288K, used 145735K [0x00000000d0000000, 0x00000000f0000000, 0x00000000f0000000)
  object space 524288K, 27% used [0x00000000d0000000,0x00000000d8e51c10,0x00000000f0000000)
 Metaspace       used 82288K, capacity 84970K, committed 98348K, reserved 1136640K
  class space    used 9488K, capacity 10269K, committed 11904K, reserved 1048576K
}
Event: 8882.614 GC heap before
{Heap before GC invocations=88 (full 4):
 PSYoungGen      total 227840K, used 199088K [0x00000000f0000000, 0x0000000100000000, 0x0000000100000000)
  eden space 193536K, 100% used [0x00000000f0000000,0x00000000fbd00000,0x00000000fbd00000)
  from space 34304K, 16% used [0x00000000fbd00000,0x00000000fc26c010,0x00000000fde80000)
  to   space 34304K, 0% used [0x00000000fde80000,0x00000000fde80000,0x0000000100000000)
 ParOldGen       total 524288K, used 145735K [0x00000000d0000000, 0x00000000f0000000, 0x00000000f0000000)
  object space 524288K, 27% used [0x00000000d0000000,0x00000000d8e51c10,0x00000000f0000000)
 Metaspace       used 82642K, capacity 85366K, committed 98348K, reserved 1136640K
  class space    used 9504K, capacity 10273K, committed 11904K, reserved 1048576K
Event: 8882.629 GC heap after
Heap after GC invocations=88 (full 4):
 PSYoungGen      total 228352K, used 6326K [0x00000000f0000000, 0x0000000100000000, 0x0000000100000000)
  eden space 194048K, 0% used [0x00000000f0000000,0x00000000f0000000,0x00000000fbd80000)
  from space 34304K, 18% used [0x00000000fde80000,0x00000000fe4adbe0,0x0000000100000000)
  to   space 33792K, 0% used [0x00000000fbd80000,0x00000000fbd80000,0x00000000fde80000)
 ParOldGen       total 524288K, used 145735K [0x00000000d0000000, 0x00000000f0000000, 0x00000000f0000000)
  object space 524288K, 27% used [0x00000000d0000000,0x00000000d8e51c10,0x00000000f0000000)
 Metaspace       used 82642K, capacity 85366K, committed 98348K, reserved 1136640K
  class space    used 9504K, capacity 10273K, committed 11904K, reserved 1048576K
}
Event: 9335.092 GC heap before
{Heap before GC invocations=89 (full 4):
 PSYoungGen      total 228352K, used 200374K [0x00000000f0000000, 0x0000000100000000, 0x0000000100000000)
  eden space 194048K, 100% used [0x00000000f0000000,0x00000000fbd80000,0x00000000fbd80000)
  from space 34304K, 18% used [0x00000000fde80000,0x00000000fe4adbe0,0x0000000100000000)
  to   space 33792K, 0% used [0x00000000fbd80000,0x00000000fbd80000,0x00000000fde80000)
 ParOldGen       total 524288K, used 145735K [0x00000000d0000000, 0x00000000f0000000, 0x00000000f0000000)
  object space 524288K, 27% used [0x00000000d0000000,0x00000000d8e51c10,0x00000000f0000000)
 Metaspace       used 83001K, capacity 85698K, committed 98348K, reserved 1136640K
  class space    used 9518K, capacity 10275K, committed 11904K, reserved 1048576K
Event: 9335.104 GC heap after
Heap after GC invocations=89 (full 4):
 PSYoungGen      total 227840K, used 7165K [0x00000000f0000000, 0x0000000100000000, 0x0000000100000000)
  eden space 194048K, 0% used [0x00000000f0000000,0x00000000f0000000,0x00000000fbd80000)
  from space 33792K, 21% used [0x00000000fbd80000,0x00000000fc47f6c0,0x00000000fde80000)
  to   space 32768K, 0% used [0x00000000fe000000,0x00000000fe000000,0x0000000100000000)
 ParOldGen       total 524288K, used 145743K [0x00000000d0000000, 0x00000000f0000000, 0x00000000f0000000)
  object space 524288K, 27% used [0x00000000d0000000,0x00000000d8e53c10,0x00000000f0000000)
 Metaspace       used 83001K, capacity 85698K, committed 98348K, reserved 1136640K
  class space    used 9518K, capacity 10275K, committed 11904K, reserved 1048576K
}
Event: 9351.343 GC heap before
{Heap before GC invocations=90 (full 4):
 PSYoungGen      total 227840K, used 201213K [0x00000000f0000000, 0x0000000100000000, 0x0000000100000000)
  eden space 194048K, 100% used [0x00000000f0000000,0x00000000fbd80000,0x00000000fbd80000)
  from space 33792K, 21% used [0x00000000fbd80000,0x00000000fc47f6c0,0x00000000fde80000)
  to   space 32768K, 0% used [0x00000000fe000000,0x00000000fe000000,0x0000000100000000)
 ParOldGen       total 524288K, used 145743K [0x00000000d0000000, 0x00000000f0000000, 0x00000000f0000000)
  object space 524288K, 27% used [0x00000000d0000000,0x00000000d8e53c10,0x00000000f0000000)
 Metaspace       used 83283K, capacity 86132K, committed 98348K, reserved 1136640K
  class space    used 9554K, capacity 10371K, committed 11904K, reserved 1048576K
Event: 9351.356 GC heap after
Heap after GC invocations=90 (full 4):
 PSYoungGen      total 230400K, used 8420K [0x00000000f0000000, 0x0000000100000000, 0x0000000100000000)
  eden space 197632K, 0% used [0x00000000f0000000,0x00000000f0000000,0x00000000fc100000)
  from space 32768K, 25% used [0x00000000fe000000,0x00000000fe839040,0x0000000100000000)
  to   space 31744K, 0% used [0x00000000fc100000,0x00000000fc100000,0x00000000fe000000)
 ParOldGen       total 524288K, used 145751K [0x00000000d0000000, 0x00000000f0000000, 0x00000000f0000000)
  object space 524288K, 27% used [0x00000000d0000000,0x00000000d8e55c10,0x00000000f0000000)
 Metaspace       used 83283K, capacity 86132K, committed 98348K, reserved 1136640K
  class space    used 9554K, capacity 10371K, committed 11904K, reserved 1048576K
}

